0 info it worked if it ends with ok
1 verbose cli [ '/usr/local/bin/node',
1 verbose cli   '/usr/local/bin/npm',
1 verbose cli   'install',
1 verbose cli   '--save',
1 verbose cli   'redux-thunk' ]
2 info using npm@4.1.2
3 info using node@v7.7.0
4 silly loadCurrentTree Starting
5 silly install loadCurrentTree
6 silly install readLocalPackageData
7 silly fetchPackageMetaData redux-thunk
8 silly fetchNamedPackageData redux-thunk
9 silly mapToRegistry name redux-thunk
10 silly mapToRegistry using default registry
11 silly mapToRegistry registry https://registry.npmjs.org/
12 silly mapToRegistry data Result {
12 silly mapToRegistry   raw: 'redux-thunk',
12 silly mapToRegistry   scope: null,
12 silly mapToRegistry   escapedName: 'redux-thunk',
12 silly mapToRegistry   name: 'redux-thunk',
12 silly mapToRegistry   rawSpec: '',
12 silly mapToRegistry   spec: 'latest',
12 silly mapToRegistry   type: 'tag' }
13 silly mapToRegistry uri https://registry.npmjs.org/redux-thunk
14 verbose request uri https://registry.npmjs.org/redux-thunk
15 verbose request no auth needed
16 info attempt registry request try #1 at 5:46:04 PM
17 verbose request id 3875b694070261f0
18 http request GET https://registry.npmjs.org/redux-thunk
19 http 200 https://registry.npmjs.org/redux-thunk
20 verbose headers { server: 'nginx/1.10.1',
20 verbose headers   'content-type': 'application/json',
20 verbose headers   'last-modified': 'Fri, 17 Mar 2017 09:27:13 GMT',
20 verbose headers   etag: 'W/"58cbabf1-83fa"',
20 verbose headers   'content-encoding': 'gzip',
20 verbose headers   'cache-control': 'max-age=300',
20 verbose headers   'content-length': '6264',
20 verbose headers   'accept-ranges': 'bytes',
20 verbose headers   date: 'Sat, 18 Mar 2017 22:46:04 GMT',
20 verbose headers   via: '1.1 varnish',
20 verbose headers   age: '72',
20 verbose headers   connection: 'keep-alive',
20 verbose headers   'x-served-by': 'cache-dfw1840-DFW',
20 verbose headers   'x-cache': 'HIT',
20 verbose headers   'x-cache-hits': '1',
20 verbose headers   'x-timer': 'S1489877164.612715,VS0,VE0',
20 verbose headers   vary: 'Accept-Encoding' }
21 silly get cb [ 200,
21 silly get   { server: 'nginx/1.10.1',
21 silly get     'content-type': 'application/json',
21 silly get     'last-modified': 'Fri, 17 Mar 2017 09:27:13 GMT',
21 silly get     etag: 'W/"58cbabf1-83fa"',
21 silly get     'content-encoding': 'gzip',
21 silly get     'cache-control': 'max-age=300',
21 silly get     'content-length': '6264',
21 silly get     'accept-ranges': 'bytes',
21 silly get     date: 'Sat, 18 Mar 2017 22:46:04 GMT',
21 silly get     via: '1.1 varnish',
21 silly get     age: '72',
21 silly get     connection: 'keep-alive',
21 silly get     'x-served-by': 'cache-dfw1840-DFW',
21 silly get     'x-cache': 'HIT',
21 silly get     'x-cache-hits': '1',
21 silly get     'x-timer': 'S1489877164.612715,VS0,VE0',
21 silly get     vary: 'Accept-Encoding' } ]
22 verbose get saving redux-thunk to /Users/nbpeth/.npm/registry.npmjs.org/redux-thunk/.cache.json
23 verbose correctMkdir /Users/nbpeth/.npm correctMkdir not in flight; initializing
24 silly install normalizeTree
25 silly loadCurrentTree Finishing
26 silly loadIdealTree Starting
27 silly install loadIdealTree
28 silly cloneCurrentTree Starting
29 silly install cloneCurrentTreeToIdealTree
30 silly cloneCurrentTree Finishing
31 silly loadShrinkwrap Starting
32 silly install loadShrinkwrap
33 silly loadShrinkwrap Finishing
34 silly loadAllDepsIntoIdealTree Starting
35 silly install loadAllDepsIntoIdealTree
36 silly resolveWithNewModule redux-thunk@2.2.0 checking installable status
37 silly cache add args [ 'redux-thunk', null ]
38 verbose cache add spec redux-thunk
39 silly cache add parsed spec Result {
39 silly cache add   raw: 'redux-thunk',
39 silly cache add   scope: null,
39 silly cache add   escapedName: 'redux-thunk',
39 silly cache add   name: 'redux-thunk',
39 silly cache add   rawSpec: '',
39 silly cache add   spec: 'latest',
39 silly cache add   type: 'tag' }
40 silly addNamed redux-thunk@latest
41 verbose addNamed "latest" is being treated as a dist-tag for redux-thunk
42 info addNameTag [ 'redux-thunk', 'latest' ]
43 silly mapToRegistry name redux-thunk
44 silly mapToRegistry using default registry
45 silly mapToRegistry registry https://registry.npmjs.org/
46 silly mapToRegistry data Result {
46 silly mapToRegistry   raw: 'redux-thunk',
46 silly mapToRegistry   scope: null,
46 silly mapToRegistry   escapedName: 'redux-thunk',
46 silly mapToRegistry   name: 'redux-thunk',
46 silly mapToRegistry   rawSpec: '',
46 silly mapToRegistry   spec: 'latest',
46 silly mapToRegistry   type: 'tag' }
47 silly mapToRegistry uri https://registry.npmjs.org/redux-thunk
48 verbose addNameTag registry:https://registry.npmjs.org/redux-thunk not in flight; fetching
49 verbose get https://registry.npmjs.org/redux-thunk not expired, no request
50 silly addNameTag next cb for redux-thunk with tag latest
51 silly addNamed redux-thunk@2.2.0
52 verbose addNamed "2.2.0" is a plain semver version for redux-thunk
53 silly mapToRegistry name redux-thunk
54 silly mapToRegistry using default registry
55 silly mapToRegistry registry https://registry.npmjs.org/
56 silly mapToRegistry data Result {
56 silly mapToRegistry   raw: 'redux-thunk',
56 silly mapToRegistry   scope: null,
56 silly mapToRegistry   escapedName: 'redux-thunk',
56 silly mapToRegistry   name: 'redux-thunk',
56 silly mapToRegistry   rawSpec: '',
56 silly mapToRegistry   spec: 'latest',
56 silly mapToRegistry   type: 'tag' }
57 silly mapToRegistry uri https://registry.npmjs.org/redux-thunk
58 verbose addRemoteTarball https://registry.npmjs.org/redux-thunk/-/redux-thunk-2.2.0.tgz not in flight; adding
59 verbose addRemoteTarball [ 'https://registry.npmjs.org/redux-thunk/-/redux-thunk-2.2.0.tgz',
59 verbose addRemoteTarball   'e615a16e16b47a19a515766133d1e3e99b7852e5' ]
60 info retry fetch attempt 1 at 5:46:05 PM
61 info attempt registry request try #1 at 5:46:05 PM
62 http fetch GET https://registry.npmjs.org/redux-thunk/-/redux-thunk-2.2.0.tgz
63 http fetch 200 https://registry.npmjs.org/redux-thunk/-/redux-thunk-2.2.0.tgz
64 silly fetchAndShaCheck shasum e615a16e16b47a19a515766133d1e3e99b7852e5
65 verbose addTmpTarball /var/folders/m1/thds5k612_996j9dyp4yq_p00000gn/T/npm-66118-ffd41276/registry.npmjs.org/redux-thunk/-/redux-thunk-2.2.0.tgz not in flight; adding
66 verbose addTmpTarball already have metadata; skipping unpack for redux-thunk@2.2.0
67 verbose correctMkdir /Users/nbpeth/.npm correctMkdir not in flight; initializing
68 silly cache afterAdd redux-thunk@2.2.0
69 verbose afterAdd /Users/nbpeth/.npm/redux-thunk/2.2.0/package/package.json not in flight; writing
70 verbose correctMkdir /Users/nbpeth/.npm correctMkdir not in flight; initializing
71 verbose afterAdd /Users/nbpeth/.npm/redux-thunk/2.2.0/package/package.json written
72 silly loadAllDepsIntoIdealTree Finishing
73 silly loadIdealTree Finishing
74 silly currentTree home-budget@1.0.0
74 silly currentTree ├── accepts@1.3.3
74 silly currentTree ├── acorn-dynamic-import@2.0.2
74 silly currentTree ├── acorn@4.0.11
74 silly currentTree ├── ajv-keywords@1.5.1
74 silly currentTree ├── ajv@4.11.5
74 silly currentTree ├── align-text@0.1.4
74 silly currentTree ├── ansi-html@0.0.7
74 silly currentTree ├── ansi-regex@2.1.1
74 silly currentTree ├── ansi-styles@2.2.1
74 silly currentTree ├── anymatch@1.3.0
74 silly currentTree ├── arr-diff@2.0.0
74 silly currentTree ├── arr-flatten@1.0.1
74 silly currentTree ├── array-flatten@1.1.1
74 silly currentTree ├── array-unique@0.2.1
74 silly currentTree ├── arrify@1.0.1
74 silly currentTree ├── asap@2.0.5
74 silly currentTree ├── asn1.js@4.9.1
74 silly currentTree ├── assert@1.4.1
74 silly currentTree ├── async-each@1.0.1
74 silly currentTree ├── async@2.1.5
74 silly currentTree ├── babel-cli@6.24.0
74 silly currentTree ├── babel-code-frame@6.22.0
74 silly currentTree ├── babel-core@6.24.0
74 silly currentTree ├── babel-generator@6.24.0
74 silly currentTree ├── babel-helper-builder-react-jsx@6.23.0
74 silly currentTree ├── babel-helper-call-delegate@6.22.0
74 silly currentTree ├── babel-helper-define-map@6.23.0
74 silly currentTree ├── babel-helper-function-name@6.23.0
74 silly currentTree ├── babel-helper-get-function-arity@6.22.0
74 silly currentTree ├── babel-helper-hoist-variables@6.22.0
74 silly currentTree ├── babel-helper-optimise-call-expression@6.23.0
74 silly currentTree ├── babel-helper-regex@6.22.0
74 silly currentTree ├── babel-helper-replace-supers@6.23.0
74 silly currentTree ├── babel-helpers@6.23.0
74 silly currentTree ├── babel-loader@6.4.1
74 silly currentTree ├── babel-messages@6.23.0
74 silly currentTree ├── babel-plugin-check-es2015-constants@6.22.0
74 silly currentTree ├── babel-plugin-syntax-flow@6.18.0
74 silly currentTree ├── babel-plugin-syntax-jsx@6.18.0
74 silly currentTree ├── babel-plugin-transform-es2015-arrow-functions@6.22.0
74 silly currentTree ├── babel-plugin-transform-es2015-block-scoped-functions@6.22.0
74 silly currentTree ├── babel-plugin-transform-es2015-block-scoping@6.23.0
74 silly currentTree ├── babel-plugin-transform-es2015-classes@6.23.0
74 silly currentTree ├── babel-plugin-transform-es2015-computed-properties@6.22.0
74 silly currentTree ├── babel-plugin-transform-es2015-destructuring@6.23.0
74 silly currentTree ├── babel-plugin-transform-es2015-duplicate-keys@6.22.0
74 silly currentTree ├── babel-plugin-transform-es2015-for-of@6.23.0
74 silly currentTree ├── babel-plugin-transform-es2015-function-name@6.22.0
74 silly currentTree ├── babel-plugin-transform-es2015-literals@6.22.0
74 silly currentTree ├── babel-plugin-transform-es2015-modules-amd@6.24.0
74 silly currentTree ├── babel-plugin-transform-es2015-modules-commonjs@6.24.0
74 silly currentTree ├── babel-plugin-transform-es2015-modules-systemjs@6.23.0
74 silly currentTree ├── babel-plugin-transform-es2015-modules-umd@6.24.0
74 silly currentTree ├── babel-plugin-transform-es2015-object-super@6.22.0
74 silly currentTree ├── babel-plugin-transform-es2015-parameters@6.23.0
74 silly currentTree ├── babel-plugin-transform-es2015-shorthand-properties@6.22.0
74 silly currentTree ├── babel-plugin-transform-es2015-spread@6.22.0
74 silly currentTree ├── babel-plugin-transform-es2015-sticky-regex@6.22.0
74 silly currentTree ├── babel-plugin-transform-es2015-template-literals@6.22.0
74 silly currentTree ├── babel-plugin-transform-es2015-typeof-symbol@6.23.0
74 silly currentTree ├── babel-plugin-transform-es2015-unicode-regex@6.22.0
74 silly currentTree ├── babel-plugin-transform-flow-strip-types@6.22.0
74 silly currentTree ├── babel-plugin-transform-react-display-name@6.23.0
74 silly currentTree ├── babel-plugin-transform-react-jsx-self@6.22.0
74 silly currentTree ├── babel-plugin-transform-react-jsx-source@6.22.0
74 silly currentTree ├── babel-plugin-transform-react-jsx@6.23.0
74 silly currentTree ├── babel-plugin-transform-regenerator@6.22.0
74 silly currentTree ├── babel-plugin-transform-strict-mode@6.22.0
74 silly currentTree ├─┬ babel-polyfill@6.23.0
74 silly currentTree │ └── core-js@2.4.1
74 silly currentTree ├── babel-preset-es2015@6.24.0
74 silly currentTree ├── babel-preset-flow@6.23.0
74 silly currentTree ├── babel-preset-react@6.23.0
74 silly currentTree ├─┬ babel-register@6.24.0
74 silly currentTree │ └── core-js@2.4.1
74 silly currentTree ├─┬ babel-runtime@6.23.0
74 silly currentTree │ └── core-js@2.4.1
74 silly currentTree ├── babel-template@6.23.0
74 silly currentTree ├── babel-traverse@6.23.1
74 silly currentTree ├── babel-types@6.23.0
74 silly currentTree ├── babel@6.23.0
74 silly currentTree ├── babylon@6.16.1
74 silly currentTree ├── balanced-match@0.4.2
74 silly currentTree ├── base64-js@1.2.0
74 silly currentTree ├── batch@0.5.3
74 silly currentTree ├── big.js@3.1.3
74 silly currentTree ├── binary-extensions@1.8.0
74 silly currentTree ├── bn.js@4.11.6
74 silly currentTree ├── brace-expansion@1.1.6
74 silly currentTree ├── braces@1.8.5
74 silly currentTree ├── brorand@1.1.0
74 silly currentTree ├── browserify-aes@1.0.6
74 silly currentTree ├── browserify-cipher@1.0.0
74 silly currentTree ├── browserify-des@1.0.0
74 silly currentTree ├── browserify-rsa@4.0.1
74 silly currentTree ├── browserify-sign@4.0.0
74 silly currentTree ├── browserify-zlib@0.1.4
74 silly currentTree ├── buffer-shims@1.0.0
74 silly currentTree ├── buffer-xor@1.0.3
74 silly currentTree ├── buffer@4.9.1
74 silly currentTree ├── builtin-modules@1.1.1
74 silly currentTree ├── builtin-status-codes@3.0.0
74 silly currentTree ├── bytes@2.3.0
74 silly currentTree ├── camelcase@1.2.1
74 silly currentTree ├── center-align@0.1.3
74 silly currentTree ├─┬ chalk@1.1.3
74 silly currentTree │ └── supports-color@2.0.0
74 silly currentTree ├── chokidar@1.6.1
74 silly currentTree ├── cipher-base@1.0.3
74 silly currentTree ├── cli@1.0.1
74 silly currentTree ├── cliui@2.1.0
74 silly currentTree ├── co@4.6.0
74 silly currentTree ├── code-point-at@1.1.0
74 silly currentTree ├── commander@2.9.0
74 silly currentTree ├── commondir@1.0.1
74 silly currentTree ├── compressible@2.0.9
74 silly currentTree ├── compression@1.6.2
74 silly currentTree ├── concat-map@0.0.1
74 silly currentTree ├── connect-history-api-fallback@1.3.0
74 silly currentTree ├── console-browserify@1.1.0
74 silly currentTree ├── constants-browserify@1.0.0
74 silly currentTree ├── content-disposition@0.5.2
74 silly currentTree ├── content-type@1.0.2
74 silly currentTree ├── convert-source-map@1.4.0
74 silly currentTree ├── cookie-signature@1.0.6
74 silly currentTree ├── cookie@0.3.1
74 silly currentTree ├── core-js@1.2.7
74 silly currentTree ├── core-util-is@1.0.2
74 silly currentTree ├── create-ecdh@4.0.0
74 silly currentTree ├── create-hash@1.1.2
74 silly currentTree ├── create-hmac@1.1.4
74 silly currentTree ├── crypto-browserify@3.11.0
74 silly currentTree ├── date-now@0.1.4
74 silly currentTree ├── debug@2.2.0
74 silly currentTree ├── decamelize@1.2.0
74 silly currentTree ├── depd@1.1.0
74 silly currentTree ├── des.js@1.0.0
74 silly currentTree ├── destroy@1.0.4
74 silly currentTree ├── detect-indent@4.0.0
74 silly currentTree ├── diffie-hellman@5.0.2
74 silly currentTree ├─┬ dom-serializer@0.1.0
74 silly currentTree │ ├── domelementtype@1.1.3
74 silly currentTree │ └── entities@1.1.1
74 silly currentTree ├── domain-browser@1.1.7
74 silly currentTree ├── domelementtype@1.3.0
74 silly currentTree ├── domhandler@2.3.0
74 silly currentTree ├── domutils@1.5.1
74 silly currentTree ├── duplexer@0.1.1
74 silly currentTree ├── ee-first@1.1.1
74 silly currentTree ├── elliptic@6.4.0
74 silly currentTree ├── emojis-list@2.1.0
74 silly currentTree ├── encodeurl@1.0.1
74 silly currentTree ├── encoding@0.1.12
74 silly currentTree ├── enhanced-resolve@3.1.0
74 silly currentTree ├── entities@1.0.0
74 silly currentTree ├── errno@0.1.4
74 silly currentTree ├── error-ex@1.3.1
74 silly currentTree ├── escape-html@1.0.3
74 silly currentTree ├── escape-string-regexp@1.0.5
74 silly currentTree ├── esutils@2.0.2
74 silly currentTree ├── etag@1.8.0
74 silly currentTree ├── event-stream@3.3.4
74 silly currentTree ├── eventemitter3@1.2.0
74 silly currentTree ├── events@1.1.1
74 silly currentTree ├── eventsource@0.1.6
74 silly currentTree ├── evp_bytestokey@1.0.0
74 silly currentTree ├── exit@0.1.2
74 silly currentTree ├── expand-brackets@0.1.5
74 silly currentTree ├── expand-range@1.8.2
74 silly currentTree ├─┬ express@4.15.2
74 silly currentTree │ ├── debug@2.6.1
74 silly currentTree │ └── ms@0.7.2
74 silly currentTree ├── extglob@0.3.2
74 silly currentTree ├── faye-websocket@0.10.0
74 silly currentTree ├── fbjs@0.8.9
74 silly currentTree ├── filename-regex@2.0.0
74 silly currentTree ├── fill-range@2.2.3
74 silly currentTree ├─┬ finalhandler@1.0.0
74 silly currentTree │ ├── debug@2.6.1
74 silly currentTree │ └── ms@0.7.2
74 silly currentTree ├── find-cache-dir@0.1.1
74 silly currentTree ├── find-up@1.1.2
74 silly currentTree ├── for-in@1.0.2
74 silly currentTree ├── for-own@0.1.5
74 silly currentTree ├── forwarded@0.1.0
74 silly currentTree ├── fresh@0.5.0
74 silly currentTree ├── from@0.1.7
74 silly currentTree ├── fs-readdir-recursive@1.0.0
74 silly currentTree ├── fs.realpath@1.0.0
74 silly currentTree ├─┬ fsevents@1.1.1
74 silly currentTree │ ├── abbrev@1.1.0
74 silly currentTree │ ├── ansi-regex@2.1.1
74 silly currentTree │ ├── ansi-styles@2.2.1
74 silly currentTree │ ├── aproba@1.1.1
74 silly currentTree │ ├── are-we-there-yet@1.1.2
74 silly currentTree │ ├── asn1@0.2.3
74 silly currentTree │ ├── assert-plus@0.2.0
74 silly currentTree │ ├── asynckit@0.4.0
74 silly currentTree │ ├── aws-sign2@0.6.0
74 silly currentTree │ ├── aws4@1.6.0
74 silly currentTree │ ├── balanced-match@0.4.2
74 silly currentTree │ ├── bcrypt-pbkdf@1.0.1
74 silly currentTree │ ├── block-stream@0.0.9
74 silly currentTree │ ├── boom@2.10.1
74 silly currentTree │ ├── brace-expansion@1.1.6
74 silly currentTree │ ├── buffer-shims@1.0.0
74 silly currentTree │ ├── caseless@0.11.0
74 silly currentTree │ ├── chalk@1.1.3
74 silly currentTree │ ├── code-point-at@1.1.0
74 silly currentTree │ ├── combined-stream@1.0.5
74 silly currentTree │ ├── commander@2.9.0
74 silly currentTree │ ├── concat-map@0.0.1
74 silly currentTree │ ├── console-control-strings@1.1.0
74 silly currentTree │ ├── core-util-is@1.0.2
74 silly currentTree │ ├── cryptiles@2.0.5
74 silly currentTree │ ├─┬ dashdash@1.14.1
74 silly currentTree │ │ └── assert-plus@1.0.0
74 silly currentTree │ ├── debug@2.2.0
74 silly currentTree │ ├── deep-extend@0.4.1
74 silly currentTree │ ├── delayed-stream@1.0.0
74 silly currentTree │ ├── delegates@1.0.0
74 silly currentTree │ ├── ecc-jsbn@0.1.1
74 silly currentTree │ ├── escape-string-regexp@1.0.5
74 silly currentTree │ ├── extend@3.0.0
74 silly currentTree │ ├── extsprintf@1.0.2
74 silly currentTree │ ├── forever-agent@0.6.1
74 silly currentTree │ ├── form-data@2.1.2
74 silly currentTree │ ├── fs.realpath@1.0.0
74 silly currentTree │ ├── fstream-ignore@1.0.5
74 silly currentTree │ ├── fstream@1.0.10
74 silly currentTree │ ├── gauge@2.7.3
74 silly currentTree │ ├── generate-function@2.0.0
74 silly currentTree │ ├── generate-object-property@1.2.0
74 silly currentTree │ ├─┬ getpass@0.1.6
74 silly currentTree │ │ └── assert-plus@1.0.0
74 silly currentTree │ ├── glob@7.1.1
74 silly currentTree │ ├── graceful-fs@4.1.11
74 silly currentTree │ ├── graceful-readlink@1.0.1
74 silly currentTree │ ├── har-validator@2.0.6
74 silly currentTree │ ├── has-ansi@2.0.0
74 silly currentTree │ ├── has-unicode@2.0.1
74 silly currentTree │ ├── hawk@3.1.3
74 silly currentTree │ ├── hoek@2.16.3
74 silly currentTree │ ├── http-signature@1.1.1
74 silly currentTree │ ├── inflight@1.0.6
74 silly currentTree │ ├── inherits@2.0.3
74 silly currentTree │ ├── ini@1.3.4
74 silly currentTree │ ├── is-fullwidth-code-point@1.0.0
74 silly currentTree │ ├── is-my-json-valid@2.15.0
74 silly currentTree │ ├── is-property@1.0.2
74 silly currentTree │ ├── is-typedarray@1.0.0
74 silly currentTree │ ├── isarray@1.0.0
74 silly currentTree │ ├── isstream@0.1.2
74 silly currentTree │ ├── jodid25519@1.0.2
74 silly currentTree │ ├── jsbn@0.1.1
74 silly currentTree │ ├── json-schema@0.2.3
74 silly currentTree │ ├── json-stringify-safe@5.0.1
74 silly currentTree │ ├── jsonpointer@4.0.1
74 silly currentTree │ ├── jsprim@1.3.1
74 silly currentTree │ ├── mime-db@1.26.0
74 silly currentTree │ ├── mime-types@2.1.14
74 silly currentTree │ ├── minimatch@3.0.3
74 silly currentTree │ ├── minimist@0.0.8
74 silly currentTree │ ├── mkdirp@0.5.1
74 silly currentTree │ ├── ms@0.7.1
74 silly currentTree │ ├── node-pre-gyp@0.6.33
74 silly currentTree │ ├── nopt@3.0.6
74 silly currentTree │ ├── npmlog@4.0.2
74 silly currentTree │ ├── number-is-nan@1.0.1
74 silly currentTree │ ├── oauth-sign@0.8.2
74 silly currentTree │ ├── object-assign@4.1.1
74 silly currentTree │ ├── once@1.4.0
74 silly currentTree │ ├── path-is-absolute@1.0.1
74 silly currentTree │ ├── pinkie-promise@2.0.1
74 silly currentTree │ ├── pinkie@2.0.4
74 silly currentTree │ ├── process-nextick-args@1.0.7
74 silly currentTree │ ├── punycode@1.4.1
74 silly currentTree │ ├── qs@6.3.1
74 silly currentTree │ ├─┬ rc@1.1.7
74 silly currentTree │ │ └── minimist@1.2.0
74 silly currentTree │ ├── readable-stream@2.2.2
74 silly currentTree │ ├── request@2.79.0
74 silly currentTree │ ├── rimraf@2.5.4
74 silly currentTree │ ├── semver@5.3.0
74 silly currentTree │ ├── set-blocking@2.0.0
74 silly currentTree │ ├── signal-exit@3.0.2
74 silly currentTree │ ├── sntp@1.0.9
74 silly currentTree │ ├─┬ sshpk@1.10.2
74 silly currentTree │ │ └── assert-plus@1.0.0
74 silly currentTree │ ├── string_decoder@0.10.31
74 silly currentTree │ ├── string-width@1.0.2
74 silly currentTree │ ├── stringstream@0.0.5
74 silly currentTree │ ├── strip-ansi@3.0.1
74 silly currentTree │ ├── strip-json-comments@2.0.1
74 silly currentTree │ ├── supports-color@2.0.0
74 silly currentTree │ ├─┬ tar-pack@3.3.0
74 silly currentTree │ │ ├── once@1.3.3
74 silly currentTree │ │ └── readable-stream@2.1.5
74 silly currentTree │ ├── tar@2.2.1
74 silly currentTree │ ├── tough-cookie@2.3.2
74 silly currentTree │ ├── tunnel-agent@0.4.3
74 silly currentTree │ ├── tweetnacl@0.14.5
74 silly currentTree │ ├── uid-number@0.0.6
74 silly currentTree │ ├── util-deprecate@1.0.2
74 silly currentTree │ ├── uuid@3.0.1
74 silly currentTree │ ├── verror@1.3.6
74 silly currentTree │ ├── wide-align@1.1.0
74 silly currentTree │ ├── wrappy@1.0.2
74 silly currentTree │ └── xtend@4.0.1
74 silly currentTree ├── get-caller-file@1.0.2
74 silly currentTree ├── glob-base@0.3.0
74 silly currentTree ├── glob-parent@2.0.0
74 silly currentTree ├── glob@7.1.1
74 silly currentTree ├── globals@9.16.0
74 silly currentTree ├── graceful-fs@4.1.11
74 silly currentTree ├── graceful-readlink@1.0.1
74 silly currentTree ├── handle-thing@1.2.5
74 silly currentTree ├── has-ansi@2.0.0
74 silly currentTree ├── has-flag@1.0.0
74 silly currentTree ├── hash.js@1.0.3
74 silly currentTree ├── hmac-drbg@1.0.0
74 silly currentTree ├── hoist-non-react-statics@1.2.0
74 silly currentTree ├── home-or-tmp@2.0.0
74 silly currentTree ├── hosted-git-info@2.3.1
74 silly currentTree ├── hpack.js@2.1.6
74 silly currentTree ├── html-entities@1.2.0
74 silly currentTree ├─┬ htmlparser2@3.8.3
74 silly currentTree │ ├── isarray@0.0.1
74 silly currentTree │ └── readable-stream@1.1.14
74 silly currentTree ├── http-deceiver@1.2.7
74 silly currentTree ├── http-errors@1.6.1
74 silly currentTree ├─┬ http-proxy-middleware@0.17.4
74 silly currentTree │ ├── is-extglob@2.1.1
74 silly currentTree │ └── is-glob@3.1.0
74 silly currentTree ├── http-proxy@1.16.2
74 silly currentTree ├── https-browserify@0.0.1
74 silly currentTree ├── iconv-lite@0.4.15
74 silly currentTree ├── ieee754@1.1.8
74 silly currentTree ├── indexof@0.0.1
74 silly currentTree ├── inflight@1.0.6
74 silly currentTree ├── inherits@2.0.3
74 silly currentTree ├── interpret@1.0.1
74 silly currentTree ├── invariant@2.2.2
74 silly currentTree ├── invert-kv@1.0.0
74 silly currentTree ├── ipaddr.js@1.2.0
74 silly currentTree ├── is-arrayish@0.2.1
74 silly currentTree ├── is-binary-path@1.0.1
74 silly currentTree ├── is-buffer@1.1.5
74 silly currentTree ├── is-builtin-module@1.0.0
74 silly currentTree ├── is-dotfile@1.0.2
74 silly currentTree ├── is-equal-shallow@0.1.3
74 silly currentTree ├── is-extendable@0.1.1
74 silly currentTree ├── is-extglob@1.0.0
74 silly currentTree ├── is-finite@1.0.2
74 silly currentTree ├── is-fullwidth-code-point@1.0.0
74 silly currentTree ├── is-glob@2.0.1
74 silly currentTree ├── is-number@2.1.0
74 silly currentTree ├── is-posix-bracket@0.1.1
74 silly currentTree ├── is-primitive@2.0.0
74 silly currentTree ├── is-stream@1.1.0
74 silly currentTree ├── is-utf8@0.2.1
74 silly currentTree ├── isarray@1.0.0
74 silly currentTree ├── isobject@2.1.0
74 silly currentTree ├── isomorphic-fetch@2.2.1
74 silly currentTree ├── js-tokens@3.0.1
74 silly currentTree ├── jsesc@1.3.0
74 silly currentTree ├─┬ jshint@2.9.4
74 silly currentTree │ └── lodash@3.7.0
74 silly currentTree ├── json-loader@0.5.4
74 silly currentTree ├── json-stable-stringify@1.0.1
74 silly currentTree ├── json3@3.3.2
74 silly currentTree ├── json5@0.5.1
74 silly currentTree ├── jsonify@0.0.0
74 silly currentTree ├── kind-of@3.1.0
74 silly currentTree ├── lazy-cache@1.0.4
74 silly currentTree ├── lcid@1.0.0
74 silly currentTree ├── load-json-file@1.1.0
74 silly currentTree ├── loader-runner@2.3.0
74 silly currentTree ├── loader-utils@0.2.17
74 silly currentTree ├── lodash-es@4.17.4
74 silly currentTree ├── lodash.assign@4.2.0
74 silly currentTree ├── lodash@4.17.4
74 silly currentTree ├── longest@1.0.1
74 silly currentTree ├── loose-envify@1.3.1
74 silly currentTree ├── map-stream@0.1.0
74 silly currentTree ├── media-typer@0.3.0
74 silly currentTree ├── memory-fs@0.4.1
74 silly currentTree ├── merge-descriptors@1.0.1
74 silly currentTree ├── methods@1.1.2
74 silly currentTree ├── micromatch@2.3.11
74 silly currentTree ├── miller-rabin@4.0.0
74 silly currentTree ├── mime-db@1.26.0
74 silly currentTree ├── mime-types@2.1.14
74 silly currentTree ├── mime@1.3.4
74 silly currentTree ├── mingo@0.6.5
74 silly currentTree ├── minimalistic-assert@1.0.0
74 silly currentTree ├── minimalistic-crypto-utils@1.0.1
74 silly currentTree ├── minimatch@3.0.3
74 silly currentTree ├── minimist@0.0.8
74 silly currentTree ├── mkdirp@0.5.1
74 silly currentTree ├── ms@0.7.1
74 silly currentTree ├── nan@2.5.1
74 silly currentTree ├── negotiator@0.6.1
74 silly currentTree ├── node-fetch@1.6.3
74 silly currentTree ├── node-libs-browser@2.0.0
74 silly currentTree ├── normalize-package-data@2.3.6
74 silly currentTree ├── normalize-path@2.0.1
74 silly currentTree ├── number-is-nan@1.0.1
74 silly currentTree ├── object-assign@4.1.1
74 silly currentTree ├── object.omit@2.0.1
74 silly currentTree ├── obuf@1.1.1
74 silly currentTree ├── on-finished@2.3.0
74 silly currentTree ├── on-headers@1.0.1
74 silly currentTree ├── once@1.4.0
74 silly currentTree ├── opn@4.0.2
74 silly currentTree ├─┬ original@1.0.0
74 silly currentTree │ └── url-parse@1.0.5
74 silly currentTree ├── os-browserify@0.2.1
74 silly currentTree ├── os-homedir@1.0.2
74 silly currentTree ├── os-locale@1.4.0
74 silly currentTree ├── os-tmpdir@1.0.2
74 silly currentTree ├── output-file-sync@1.1.2
74 silly currentTree ├── pako@0.2.9
74 silly currentTree ├── parse-asn1@5.1.0
74 silly currentTree ├── parse-glob@3.0.4
74 silly currentTree ├── parse-json@2.2.0
74 silly currentTree ├── parseurl@1.3.1
74 silly currentTree ├── path-browserify@0.0.0
74 silly currentTree ├── path-exists@2.1.0
74 silly currentTree ├── path-is-absolute@1.0.1
74 silly currentTree ├── path-to-regexp@0.1.7
74 silly currentTree ├── path-type@1.1.0
74 silly currentTree ├── pause-stream@0.0.11
74 silly currentTree ├── pbkdf2@3.0.9
74 silly currentTree ├── pify@2.3.0
74 silly currentTree ├── pinkie-promise@2.0.1
74 silly currentTree ├── pinkie@2.0.4
74 silly currentTree ├── pkg-dir@1.0.0
74 silly currentTree ├─┬ portfinder@1.0.13
74 silly currentTree │ └── async@1.5.2
74 silly currentTree ├── preserve@0.2.0
74 silly currentTree ├── private@0.1.7
74 silly currentTree ├── process-nextick-args@1.0.7
74 silly currentTree ├── process@0.11.9
74 silly currentTree ├── promise@7.1.1
74 silly currentTree ├── proxy-addr@1.1.3
74 silly currentTree ├── prr@0.0.0
74 silly currentTree ├── public-encrypt@4.0.0
74 silly currentTree ├── punycode@1.4.1
74 silly currentTree ├── qs@6.4.0
74 silly currentTree ├── querystring-es3@0.2.1
74 silly currentTree ├── querystring@0.2.0
74 silly currentTree ├── querystringify@0.0.4
74 silly currentTree ├── randomatic@1.1.6
74 silly currentTree ├── randombytes@2.0.3
74 silly currentTree ├── range-parser@1.2.0
74 silly currentTree ├── react-redux@5.0.3
74 silly currentTree ├── react@15.4.2
74 silly currentTree ├── read-pkg-up@1.0.1
74 silly currentTree ├── read-pkg@1.1.0
74 silly currentTree ├── readable-stream@2.2.6
74 silly currentTree ├── readdirp@2.1.0
74 silly currentTree ├── redux@3.6.0
74 silly currentTree ├── regenerate@1.3.2
74 silly currentTree ├── regenerator-runtime@0.10.3
74 silly currentTree ├── regenerator-transform@0.9.8
74 silly currentTree ├── regex-cache@0.4.3
74 silly currentTree ├── regexpu-core@2.0.0
74 silly currentTree ├── regjsgen@0.2.0
74 silly currentTree ├─┬ regjsparser@0.1.5
74 silly currentTree │ └── jsesc@0.5.0
74 silly currentTree ├── repeat-element@1.1.2
74 silly currentTree ├── repeat-string@1.6.1
74 silly currentTree ├── repeating@2.0.1
74 silly currentTree ├── require-directory@2.1.1
74 silly currentTree ├── require-main-filename@1.0.1
74 silly currentTree ├── requires-port@1.0.0
74 silly currentTree ├── right-align@0.1.3
74 silly currentTree ├── ripemd160@1.0.1
74 silly currentTree ├─┬ save@2.3.0
74 silly currentTree │ └── async@1.5.2
74 silly currentTree ├── select-hose@2.0.0
74 silly currentTree ├── semver@5.3.0
74 silly currentTree ├─┬ send@0.15.1
74 silly currentTree │ ├── debug@2.6.1
74 silly currentTree │ └── ms@0.7.2
74 silly currentTree ├─┬ serve-index@1.8.0
74 silly currentTree │ ├── http-errors@1.5.1
74 silly currentTree │ └── setprototypeof@1.0.2
74 silly currentTree ├── serve-static@1.12.1
74 silly currentTree ├── set-blocking@2.0.0
74 silly currentTree ├── set-immediate-shim@1.0.1
74 silly currentTree ├── setimmediate@1.0.5
74 silly currentTree ├── setprototypeof@1.0.3
74 silly currentTree ├── sha.js@2.4.8
74 silly currentTree ├── shelljs@0.3.0
74 silly currentTree ├── slash@1.0.0
74 silly currentTree ├─┬ sockjs-client@1.1.2
74 silly currentTree │ └── faye-websocket@0.11.1
74 silly currentTree ├── sockjs@0.3.18
74 silly currentTree ├── source-list-map@0.1.8
74 silly currentTree ├── source-map-support@0.4.14
74 silly currentTree ├── source-map@0.5.6
74 silly currentTree ├── spdx-correct@1.0.2
74 silly currentTree ├── spdx-expression-parse@1.0.4
74 silly currentTree ├── spdx-license-ids@1.2.2
74 silly currentTree ├── spdy-transport@2.0.18
74 silly currentTree ├── spdy@3.4.4
74 silly currentTree ├── split@0.3.3
74 silly currentTree ├── statuses@1.3.1
74 silly currentTree ├── stream-browserify@2.0.1
74 silly currentTree ├── stream-combiner@0.0.4
74 silly currentTree ├── stream-http@2.6.3
74 silly currentTree ├── string_decoder@0.10.31
74 silly currentTree ├── string-width@1.0.2
74 silly currentTree ├── strip-ansi@3.0.1
74 silly currentTree ├── strip-bom@2.0.0
74 silly currentTree ├── strip-json-comments@1.0.4
74 silly currentTree ├── supports-color@3.2.3
74 silly currentTree ├── symbol-observable@1.0.4
74 silly currentTree ├── tapable@0.2.6
74 silly currentTree ├── through@2.3.8
74 silly currentTree ├── timers-browserify@2.0.2
74 silly currentTree ├── to-arraybuffer@1.0.1
74 silly currentTree ├── to-fast-properties@1.0.2
74 silly currentTree ├── trim-right@1.0.1
74 silly currentTree ├── tty-browserify@0.0.0
74 silly currentTree ├── type-is@1.6.14
74 silly currentTree ├── ua-parser-js@0.7.12
74 silly currentTree ├─┬ uglify-js@2.8.13
74 silly currentTree │ └── yargs@3.10.0
74 silly currentTree ├── uglify-to-browserify@1.0.2
74 silly currentTree ├── underscore@1.8.3
74 silly currentTree ├── unpipe@1.0.0
74 silly currentTree ├── url-parse@1.1.8
74 silly currentTree ├─┬ url@0.11.0
74 silly currentTree │ └── punycode@1.3.2
74 silly currentTree ├── user-home@1.1.1
74 silly currentTree ├── util-deprecate@1.0.2
74 silly currentTree ├─┬ util@0.10.3
74 silly currentTree │ └── inherits@2.0.1
74 silly currentTree ├── utils-merge@1.0.0
74 silly currentTree ├── uuid@2.0.3
74 silly currentTree ├── v8flags@2.0.11
74 silly currentTree ├── validate-npm-package-license@3.0.1
74 silly currentTree ├── vary@1.1.0
74 silly currentTree ├── vm-browserify@0.0.4
74 silly currentTree ├── watchpack@1.3.1
74 silly currentTree ├── wbuf@1.7.2
74 silly currentTree ├── webpack-dev-middleware@1.10.1
74 silly currentTree ├── webpack-dev-server@2.4.2
74 silly currentTree ├── webpack-sources@0.1.5
74 silly currentTree ├── webpack@2.2.1
74 silly currentTree ├── websocket-driver@0.6.5
74 silly currentTree ├── websocket-extensions@0.1.1
74 silly currentTree ├── whatwg-fetch@2.0.3
74 silly currentTree ├── which-module@1.0.0
74 silly currentTree ├── window-size@0.1.0
74 silly currentTree ├── wordwrap@0.0.2
74 silly currentTree ├── wrap-ansi@2.1.0
74 silly currentTree ├── wrappy@1.0.2
74 silly currentTree ├── xtend@4.0.1
74 silly currentTree ├── y18n@3.2.1
74 silly currentTree ├─┬ yargs-parser@4.2.1
74 silly currentTree │ └── camelcase@3.0.0
74 silly currentTree └─┬ yargs@6.6.0
74 silly currentTree   ├── camelcase@3.0.0
74 silly currentTree   └── cliui@3.2.0
75 silly idealTree home-budget@1.0.0
75 silly idealTree ├── accepts@1.3.3
75 silly idealTree ├── acorn-dynamic-import@2.0.2
75 silly idealTree ├── acorn@4.0.11
75 silly idealTree ├── ajv-keywords@1.5.1
75 silly idealTree ├── ajv@4.11.5
75 silly idealTree ├── align-text@0.1.4
75 silly idealTree ├── ansi-html@0.0.7
75 silly idealTree ├── ansi-regex@2.1.1
75 silly idealTree ├── ansi-styles@2.2.1
75 silly idealTree ├── anymatch@1.3.0
75 silly idealTree ├── arr-diff@2.0.0
75 silly idealTree ├── arr-flatten@1.0.1
75 silly idealTree ├── array-flatten@1.1.1
75 silly idealTree ├── array-unique@0.2.1
75 silly idealTree ├── arrify@1.0.1
75 silly idealTree ├── asap@2.0.5
75 silly idealTree ├── asn1.js@4.9.1
75 silly idealTree ├── assert@1.4.1
75 silly idealTree ├── async-each@1.0.1
75 silly idealTree ├── async@2.1.5
75 silly idealTree ├── babel-cli@6.24.0
75 silly idealTree ├── babel-code-frame@6.22.0
75 silly idealTree ├── babel-core@6.24.0
75 silly idealTree ├── babel-generator@6.24.0
75 silly idealTree ├── babel-helper-builder-react-jsx@6.23.0
75 silly idealTree ├── babel-helper-call-delegate@6.22.0
75 silly idealTree ├── babel-helper-define-map@6.23.0
75 silly idealTree ├── babel-helper-function-name@6.23.0
75 silly idealTree ├── babel-helper-get-function-arity@6.22.0
75 silly idealTree ├── babel-helper-hoist-variables@6.22.0
75 silly idealTree ├── babel-helper-optimise-call-expression@6.23.0
75 silly idealTree ├── babel-helper-regex@6.22.0
75 silly idealTree ├── babel-helper-replace-supers@6.23.0
75 silly idealTree ├── babel-helpers@6.23.0
75 silly idealTree ├── babel-loader@6.4.1
75 silly idealTree ├── babel-messages@6.23.0
75 silly idealTree ├── babel-plugin-check-es2015-constants@6.22.0
75 silly idealTree ├── babel-plugin-syntax-flow@6.18.0
75 silly idealTree ├── babel-plugin-syntax-jsx@6.18.0
75 silly idealTree ├── babel-plugin-transform-es2015-arrow-functions@6.22.0
75 silly idealTree ├── babel-plugin-transform-es2015-block-scoped-functions@6.22.0
75 silly idealTree ├── babel-plugin-transform-es2015-block-scoping@6.23.0
75 silly idealTree ├── babel-plugin-transform-es2015-classes@6.23.0
75 silly idealTree ├── babel-plugin-transform-es2015-computed-properties@6.22.0
75 silly idealTree ├── babel-plugin-transform-es2015-destructuring@6.23.0
75 silly idealTree ├── babel-plugin-transform-es2015-duplicate-keys@6.22.0
75 silly idealTree ├── babel-plugin-transform-es2015-for-of@6.23.0
75 silly idealTree ├── babel-plugin-transform-es2015-function-name@6.22.0
75 silly idealTree ├── babel-plugin-transform-es2015-literals@6.22.0
75 silly idealTree ├── babel-plugin-transform-es2015-modules-amd@6.24.0
75 silly idealTree ├── babel-plugin-transform-es2015-modules-commonjs@6.24.0
75 silly idealTree ├── babel-plugin-transform-es2015-modules-systemjs@6.23.0
75 silly idealTree ├── babel-plugin-transform-es2015-modules-umd@6.24.0
75 silly idealTree ├── babel-plugin-transform-es2015-object-super@6.22.0
75 silly idealTree ├── babel-plugin-transform-es2015-parameters@6.23.0
75 silly idealTree ├── babel-plugin-transform-es2015-shorthand-properties@6.22.0
75 silly idealTree ├── babel-plugin-transform-es2015-spread@6.22.0
75 silly idealTree ├── babel-plugin-transform-es2015-sticky-regex@6.22.0
75 silly idealTree ├── babel-plugin-transform-es2015-template-literals@6.22.0
75 silly idealTree ├── babel-plugin-transform-es2015-typeof-symbol@6.23.0
75 silly idealTree ├── babel-plugin-transform-es2015-unicode-regex@6.22.0
75 silly idealTree ├── babel-plugin-transform-flow-strip-types@6.22.0
75 silly idealTree ├── babel-plugin-transform-react-display-name@6.23.0
75 silly idealTree ├── babel-plugin-transform-react-jsx-self@6.22.0
75 silly idealTree ├── babel-plugin-transform-react-jsx-source@6.22.0
75 silly idealTree ├── babel-plugin-transform-react-jsx@6.23.0
75 silly idealTree ├── babel-plugin-transform-regenerator@6.22.0
75 silly idealTree ├── babel-plugin-transform-strict-mode@6.22.0
75 silly idealTree ├─┬ babel-polyfill@6.23.0
75 silly idealTree │ └── core-js@2.4.1
75 silly idealTree ├── babel-preset-es2015@6.24.0
75 silly idealTree ├── babel-preset-flow@6.23.0
75 silly idealTree ├── babel-preset-react@6.23.0
75 silly idealTree ├─┬ babel-register@6.24.0
75 silly idealTree │ └── core-js@2.4.1
75 silly idealTree ├─┬ babel-runtime@6.23.0
75 silly idealTree │ └── core-js@2.4.1
75 silly idealTree ├── babel-template@6.23.0
75 silly idealTree ├── babel-traverse@6.23.1
75 silly idealTree ├── babel-types@6.23.0
75 silly idealTree ├── babel@6.23.0
75 silly idealTree ├── babylon@6.16.1
75 silly idealTree ├── balanced-match@0.4.2
75 silly idealTree ├── base64-js@1.2.0
75 silly idealTree ├── batch@0.5.3
75 silly idealTree ├── big.js@3.1.3
75 silly idealTree ├── binary-extensions@1.8.0
75 silly idealTree ├── bn.js@4.11.6
75 silly idealTree ├── brace-expansion@1.1.6
75 silly idealTree ├── braces@1.8.5
75 silly idealTree ├── brorand@1.1.0
75 silly idealTree ├── browserify-aes@1.0.6
75 silly idealTree ├── browserify-cipher@1.0.0
75 silly idealTree ├── browserify-des@1.0.0
75 silly idealTree ├── browserify-rsa@4.0.1
75 silly idealTree ├── browserify-sign@4.0.0
75 silly idealTree ├── browserify-zlib@0.1.4
75 silly idealTree ├── buffer-shims@1.0.0
75 silly idealTree ├── buffer-xor@1.0.3
75 silly idealTree ├── buffer@4.9.1
75 silly idealTree ├── builtin-modules@1.1.1
75 silly idealTree ├── builtin-status-codes@3.0.0
75 silly idealTree ├── bytes@2.3.0
75 silly idealTree ├── camelcase@1.2.1
75 silly idealTree ├── center-align@0.1.3
75 silly idealTree ├─┬ chalk@1.1.3
75 silly idealTree │ └── supports-color@2.0.0
75 silly idealTree ├── chokidar@1.6.1
75 silly idealTree ├── cipher-base@1.0.3
75 silly idealTree ├── cli@1.0.1
75 silly idealTree ├── cliui@2.1.0
75 silly idealTree ├── co@4.6.0
75 silly idealTree ├── code-point-at@1.1.0
75 silly idealTree ├── commander@2.9.0
75 silly idealTree ├── commondir@1.0.1
75 silly idealTree ├── compressible@2.0.9
75 silly idealTree ├── compression@1.6.2
75 silly idealTree ├── concat-map@0.0.1
75 silly idealTree ├── connect-history-api-fallback@1.3.0
75 silly idealTree ├── console-browserify@1.1.0
75 silly idealTree ├── constants-browserify@1.0.0
75 silly idealTree ├── content-disposition@0.5.2
75 silly idealTree ├── content-type@1.0.2
75 silly idealTree ├── convert-source-map@1.4.0
75 silly idealTree ├── cookie-signature@1.0.6
75 silly idealTree ├── cookie@0.3.1
75 silly idealTree ├── core-js@1.2.7
75 silly idealTree ├── core-util-is@1.0.2
75 silly idealTree ├── create-ecdh@4.0.0
75 silly idealTree ├── create-hash@1.1.2
75 silly idealTree ├── create-hmac@1.1.4
75 silly idealTree ├── crypto-browserify@3.11.0
75 silly idealTree ├── date-now@0.1.4
75 silly idealTree ├── debug@2.2.0
75 silly idealTree ├── decamelize@1.2.0
75 silly idealTree ├── depd@1.1.0
75 silly idealTree ├── des.js@1.0.0
75 silly idealTree ├── destroy@1.0.4
75 silly idealTree ├── detect-indent@4.0.0
75 silly idealTree ├── diffie-hellman@5.0.2
75 silly idealTree ├─┬ dom-serializer@0.1.0
75 silly idealTree │ ├── domelementtype@1.1.3
75 silly idealTree │ └── entities@1.1.1
75 silly idealTree ├── domain-browser@1.1.7
75 silly idealTree ├── domelementtype@1.3.0
75 silly idealTree ├── domhandler@2.3.0
75 silly idealTree ├── domutils@1.5.1
75 silly idealTree ├── duplexer@0.1.1
75 silly idealTree ├── ee-first@1.1.1
75 silly idealTree ├── elliptic@6.4.0
75 silly idealTree ├── emojis-list@2.1.0
75 silly idealTree ├── encodeurl@1.0.1
75 silly idealTree ├── encoding@0.1.12
75 silly idealTree ├── enhanced-resolve@3.1.0
75 silly idealTree ├── entities@1.0.0
75 silly idealTree ├── errno@0.1.4
75 silly idealTree ├── error-ex@1.3.1
75 silly idealTree ├── escape-html@1.0.3
75 silly idealTree ├── escape-string-regexp@1.0.5
75 silly idealTree ├── esutils@2.0.2
75 silly idealTree ├── etag@1.8.0
75 silly idealTree ├── event-stream@3.3.4
75 silly idealTree ├── eventemitter3@1.2.0
75 silly idealTree ├── events@1.1.1
75 silly idealTree ├── eventsource@0.1.6
75 silly idealTree ├── evp_bytestokey@1.0.0
75 silly idealTree ├── exit@0.1.2
75 silly idealTree ├── expand-brackets@0.1.5
75 silly idealTree ├── expand-range@1.8.2
75 silly idealTree ├─┬ express@4.15.2
75 silly idealTree │ ├── debug@2.6.1
75 silly idealTree │ └── ms@0.7.2
75 silly idealTree ├── extglob@0.3.2
75 silly idealTree ├── faye-websocket@0.10.0
75 silly idealTree ├── fbjs@0.8.9
75 silly idealTree ├── filename-regex@2.0.0
75 silly idealTree ├── fill-range@2.2.3
75 silly idealTree ├─┬ finalhandler@1.0.0
75 silly idealTree │ ├── debug@2.6.1
75 silly idealTree │ └── ms@0.7.2
75 silly idealTree ├── find-cache-dir@0.1.1
75 silly idealTree ├── find-up@1.1.2
75 silly idealTree ├── for-in@1.0.2
75 silly idealTree ├── for-own@0.1.5
75 silly idealTree ├── forwarded@0.1.0
75 silly idealTree ├── fresh@0.5.0
75 silly idealTree ├── from@0.1.7
75 silly idealTree ├── fs-readdir-recursive@1.0.0
75 silly idealTree ├── fs.realpath@1.0.0
75 silly idealTree ├─┬ fsevents@1.1.1
75 silly idealTree │ ├── abbrev@1.1.0
75 silly idealTree │ ├── ansi-regex@2.1.1
75 silly idealTree │ ├── ansi-styles@2.2.1
75 silly idealTree │ ├── aproba@1.1.1
75 silly idealTree │ ├── are-we-there-yet@1.1.2
75 silly idealTree │ ├── asn1@0.2.3
75 silly idealTree │ ├── assert-plus@0.2.0
75 silly idealTree │ ├── asynckit@0.4.0
75 silly idealTree │ ├── aws-sign2@0.6.0
75 silly idealTree │ ├── aws4@1.6.0
75 silly idealTree │ ├── balanced-match@0.4.2
75 silly idealTree │ ├── bcrypt-pbkdf@1.0.1
75 silly idealTree │ ├── block-stream@0.0.9
75 silly idealTree │ ├── boom@2.10.1
75 silly idealTree │ ├── brace-expansion@1.1.6
75 silly idealTree │ ├── buffer-shims@1.0.0
75 silly idealTree │ ├── caseless@0.11.0
75 silly idealTree │ ├── chalk@1.1.3
75 silly idealTree │ ├── code-point-at@1.1.0
75 silly idealTree │ ├── combined-stream@1.0.5
75 silly idealTree │ ├── commander@2.9.0
75 silly idealTree │ ├── concat-map@0.0.1
75 silly idealTree │ ├── console-control-strings@1.1.0
75 silly idealTree │ ├── core-util-is@1.0.2
75 silly idealTree │ ├── cryptiles@2.0.5
75 silly idealTree │ ├─┬ dashdash@1.14.1
75 silly idealTree │ │ └── assert-plus@1.0.0
75 silly idealTree │ ├── debug@2.2.0
75 silly idealTree │ ├── deep-extend@0.4.1
75 silly idealTree │ ├── delayed-stream@1.0.0
75 silly idealTree │ ├── delegates@1.0.0
75 silly idealTree │ ├── ecc-jsbn@0.1.1
75 silly idealTree │ ├── escape-string-regexp@1.0.5
75 silly idealTree │ ├── extend@3.0.0
75 silly idealTree │ ├── extsprintf@1.0.2
75 silly idealTree │ ├── forever-agent@0.6.1
75 silly idealTree │ ├── form-data@2.1.2
75 silly idealTree │ ├── fs.realpath@1.0.0
75 silly idealTree │ ├── fstream-ignore@1.0.5
75 silly idealTree │ ├── fstream@1.0.10
75 silly idealTree │ ├── gauge@2.7.3
75 silly idealTree │ ├── generate-function@2.0.0
75 silly idealTree │ ├── generate-object-property@1.2.0
75 silly idealTree │ ├─┬ getpass@0.1.6
75 silly idealTree │ │ └── assert-plus@1.0.0
75 silly idealTree │ ├── glob@7.1.1
75 silly idealTree │ ├── graceful-fs@4.1.11
75 silly idealTree │ ├── graceful-readlink@1.0.1
75 silly idealTree │ ├── har-validator@2.0.6
75 silly idealTree │ ├── has-ansi@2.0.0
75 silly idealTree │ ├── has-unicode@2.0.1
75 silly idealTree │ ├── hawk@3.1.3
75 silly idealTree │ ├── hoek@2.16.3
75 silly idealTree │ ├── http-signature@1.1.1
75 silly idealTree │ ├── inflight@1.0.6
75 silly idealTree │ ├── inherits@2.0.3
75 silly idealTree │ ├── ini@1.3.4
75 silly idealTree │ ├── is-fullwidth-code-point@1.0.0
75 silly idealTree │ ├── is-my-json-valid@2.15.0
75 silly idealTree │ ├── is-property@1.0.2
75 silly idealTree │ ├── is-typedarray@1.0.0
75 silly idealTree │ ├── isarray@1.0.0
75 silly idealTree │ ├── isstream@0.1.2
75 silly idealTree │ ├── jodid25519@1.0.2
75 silly idealTree │ ├── jsbn@0.1.1
75 silly idealTree │ ├── json-schema@0.2.3
75 silly idealTree │ ├── json-stringify-safe@5.0.1
75 silly idealTree │ ├── jsonpointer@4.0.1
75 silly idealTree │ ├── jsprim@1.3.1
75 silly idealTree │ ├── mime-db@1.26.0
75 silly idealTree │ ├── mime-types@2.1.14
75 silly idealTree │ ├── minimatch@3.0.3
75 silly idealTree │ ├── minimist@0.0.8
75 silly idealTree │ ├── mkdirp@0.5.1
75 silly idealTree │ ├── ms@0.7.1
75 silly idealTree │ ├── node-pre-gyp@0.6.33
75 silly idealTree │ ├── nopt@3.0.6
75 silly idealTree │ ├── npmlog@4.0.2
75 silly idealTree │ ├── number-is-nan@1.0.1
75 silly idealTree │ ├── oauth-sign@0.8.2
75 silly idealTree │ ├── object-assign@4.1.1
75 silly idealTree │ ├── once@1.4.0
75 silly idealTree │ ├── path-is-absolute@1.0.1
75 silly idealTree │ ├── pinkie-promise@2.0.1
75 silly idealTree │ ├── pinkie@2.0.4
75 silly idealTree │ ├── process-nextick-args@1.0.7
75 silly idealTree │ ├── punycode@1.4.1
75 silly idealTree │ ├── qs@6.3.1
75 silly idealTree │ ├─┬ rc@1.1.7
75 silly idealTree │ │ └── minimist@1.2.0
75 silly idealTree │ ├── readable-stream@2.2.2
75 silly idealTree │ ├── request@2.79.0
75 silly idealTree │ ├── rimraf@2.5.4
75 silly idealTree │ ├── semver@5.3.0
75 silly idealTree │ ├── set-blocking@2.0.0
75 silly idealTree │ ├── signal-exit@3.0.2
75 silly idealTree │ ├── sntp@1.0.9
75 silly idealTree │ ├─┬ sshpk@1.10.2
75 silly idealTree │ │ └── assert-plus@1.0.0
75 silly idealTree │ ├── string_decoder@0.10.31
75 silly idealTree │ ├── string-width@1.0.2
75 silly idealTree │ ├── stringstream@0.0.5
75 silly idealTree │ ├── strip-ansi@3.0.1
75 silly idealTree │ ├── strip-json-comments@2.0.1
75 silly idealTree │ ├── supports-color@2.0.0
75 silly idealTree │ ├─┬ tar-pack@3.3.0
75 silly idealTree │ │ ├── once@1.3.3
75 silly idealTree │ │ └── readable-stream@2.1.5
75 silly idealTree │ ├── tar@2.2.1
75 silly idealTree │ ├── tough-cookie@2.3.2
75 silly idealTree │ ├── tunnel-agent@0.4.3
75 silly idealTree │ ├── tweetnacl@0.14.5
75 silly idealTree │ ├── uid-number@0.0.6
75 silly idealTree │ ├── util-deprecate@1.0.2
75 silly idealTree │ ├── uuid@3.0.1
75 silly idealTree │ ├── verror@1.3.6
75 silly idealTree │ ├── wide-align@1.1.0
75 silly idealTree │ ├── wrappy@1.0.2
75 silly idealTree │ └── xtend@4.0.1
75 silly idealTree ├── get-caller-file@1.0.2
75 silly idealTree ├── glob-base@0.3.0
75 silly idealTree ├── glob-parent@2.0.0
75 silly idealTree ├── glob@7.1.1
75 silly idealTree ├── globals@9.16.0
75 silly idealTree ├── graceful-fs@4.1.11
75 silly idealTree ├── graceful-readlink@1.0.1
75 silly idealTree ├── handle-thing@1.2.5
75 silly idealTree ├── has-ansi@2.0.0
75 silly idealTree ├── has-flag@1.0.0
75 silly idealTree ├── hash.js@1.0.3
75 silly idealTree ├── hmac-drbg@1.0.0
75 silly idealTree ├── hoist-non-react-statics@1.2.0
75 silly idealTree ├── home-or-tmp@2.0.0
75 silly idealTree ├── hosted-git-info@2.3.1
75 silly idealTree ├── hpack.js@2.1.6
75 silly idealTree ├── html-entities@1.2.0
75 silly idealTree ├─┬ htmlparser2@3.8.3
75 silly idealTree │ ├── isarray@0.0.1
75 silly idealTree │ └── readable-stream@1.1.14
75 silly idealTree ├── http-deceiver@1.2.7
75 silly idealTree ├── http-errors@1.6.1
75 silly idealTree ├─┬ http-proxy-middleware@0.17.4
75 silly idealTree │ ├── is-extglob@2.1.1
75 silly idealTree │ └── is-glob@3.1.0
75 silly idealTree ├── http-proxy@1.16.2
75 silly idealTree ├── https-browserify@0.0.1
75 silly idealTree ├── iconv-lite@0.4.15
75 silly idealTree ├── ieee754@1.1.8
75 silly idealTree ├── indexof@0.0.1
75 silly idealTree ├── inflight@1.0.6
75 silly idealTree ├── inherits@2.0.3
75 silly idealTree ├── interpret@1.0.1
75 silly idealTree ├── invariant@2.2.2
75 silly idealTree ├── invert-kv@1.0.0
75 silly idealTree ├── ipaddr.js@1.2.0
75 silly idealTree ├── is-arrayish@0.2.1
75 silly idealTree ├── is-binary-path@1.0.1
75 silly idealTree ├── is-buffer@1.1.5
75 silly idealTree ├── is-builtin-module@1.0.0
75 silly idealTree ├── is-dotfile@1.0.2
75 silly idealTree ├── is-equal-shallow@0.1.3
75 silly idealTree ├── is-extendable@0.1.1
75 silly idealTree ├── is-extglob@1.0.0
75 silly idealTree ├── is-finite@1.0.2
75 silly idealTree ├── is-fullwidth-code-point@1.0.0
75 silly idealTree ├── is-glob@2.0.1
75 silly idealTree ├── is-number@2.1.0
75 silly idealTree ├── is-posix-bracket@0.1.1
75 silly idealTree ├── is-primitive@2.0.0
75 silly idealTree ├── is-stream@1.1.0
75 silly idealTree ├── is-utf8@0.2.1
75 silly idealTree ├── isarray@1.0.0
75 silly idealTree ├── isobject@2.1.0
75 silly idealTree ├── isomorphic-fetch@2.2.1
75 silly idealTree ├── js-tokens@3.0.1
75 silly idealTree ├── jsesc@1.3.0
75 silly idealTree ├─┬ jshint@2.9.4
75 silly idealTree │ └── lodash@3.7.0
75 silly idealTree ├── json-loader@0.5.4
75 silly idealTree ├── json-stable-stringify@1.0.1
75 silly idealTree ├── json3@3.3.2
75 silly idealTree ├── json5@0.5.1
75 silly idealTree ├── jsonify@0.0.0
75 silly idealTree ├── kind-of@3.1.0
75 silly idealTree ├── lazy-cache@1.0.4
75 silly idealTree ├── lcid@1.0.0
75 silly idealTree ├── load-json-file@1.1.0
75 silly idealTree ├── loader-runner@2.3.0
75 silly idealTree ├── loader-utils@0.2.17
75 silly idealTree ├── lodash-es@4.17.4
75 silly idealTree ├── lodash.assign@4.2.0
75 silly idealTree ├── lodash@4.17.4
75 silly idealTree ├── longest@1.0.1
75 silly idealTree ├── loose-envify@1.3.1
75 silly idealTree ├── map-stream@0.1.0
75 silly idealTree ├── media-typer@0.3.0
75 silly idealTree ├── memory-fs@0.4.1
75 silly idealTree ├── merge-descriptors@1.0.1
75 silly idealTree ├── methods@1.1.2
75 silly idealTree ├── micromatch@2.3.11
75 silly idealTree ├── miller-rabin@4.0.0
75 silly idealTree ├── mime-db@1.26.0
75 silly idealTree ├── mime-types@2.1.14
75 silly idealTree ├── mime@1.3.4
75 silly idealTree ├── mingo@0.6.5
75 silly idealTree ├── minimalistic-assert@1.0.0
75 silly idealTree ├── minimalistic-crypto-utils@1.0.1
75 silly idealTree ├── minimatch@3.0.3
75 silly idealTree ├── minimist@0.0.8
75 silly idealTree ├── mkdirp@0.5.1
75 silly idealTree ├── ms@0.7.1
75 silly idealTree ├── nan@2.5.1
75 silly idealTree ├── negotiator@0.6.1
75 silly idealTree ├── node-fetch@1.6.3
75 silly idealTree ├── node-libs-browser@2.0.0
75 silly idealTree ├── normalize-package-data@2.3.6
75 silly idealTree ├── normalize-path@2.0.1
75 silly idealTree ├── number-is-nan@1.0.1
75 silly idealTree ├── object-assign@4.1.1
75 silly idealTree ├── object.omit@2.0.1
75 silly idealTree ├── obuf@1.1.1
75 silly idealTree ├── on-finished@2.3.0
75 silly idealTree ├── on-headers@1.0.1
75 silly idealTree ├── once@1.4.0
75 silly idealTree ├── opn@4.0.2
75 silly idealTree ├─┬ original@1.0.0
75 silly idealTree │ └── url-parse@1.0.5
75 silly idealTree ├── os-browserify@0.2.1
75 silly idealTree ├── os-homedir@1.0.2
75 silly idealTree ├── os-locale@1.4.0
75 silly idealTree ├── os-tmpdir@1.0.2
75 silly idealTree ├── output-file-sync@1.1.2
75 silly idealTree ├── pako@0.2.9
75 silly idealTree ├── parse-asn1@5.1.0
75 silly idealTree ├── parse-glob@3.0.4
75 silly idealTree ├── parse-json@2.2.0
75 silly idealTree ├── parseurl@1.3.1
75 silly idealTree ├── path-browserify@0.0.0
75 silly idealTree ├── path-exists@2.1.0
75 silly idealTree ├── path-is-absolute@1.0.1
75 silly idealTree ├── path-to-regexp@0.1.7
75 silly idealTree ├── path-type@1.1.0
75 silly idealTree ├── pause-stream@0.0.11
75 silly idealTree ├── pbkdf2@3.0.9
75 silly idealTree ├── pify@2.3.0
75 silly idealTree ├── pinkie-promise@2.0.1
75 silly idealTree ├── pinkie@2.0.4
75 silly idealTree ├── pkg-dir@1.0.0
75 silly idealTree ├─┬ portfinder@1.0.13
75 silly idealTree │ └── async@1.5.2
75 silly idealTree ├── preserve@0.2.0
75 silly idealTree ├── private@0.1.7
75 silly idealTree ├── process-nextick-args@1.0.7
75 silly idealTree ├── process@0.11.9
75 silly idealTree ├── promise@7.1.1
75 silly idealTree ├── proxy-addr@1.1.3
75 silly idealTree ├── prr@0.0.0
75 silly idealTree ├── public-encrypt@4.0.0
75 silly idealTree ├── punycode@1.4.1
75 silly idealTree ├── qs@6.4.0
75 silly idealTree ├── querystring-es3@0.2.1
75 silly idealTree ├── querystring@0.2.0
75 silly idealTree ├── querystringify@0.0.4
75 silly idealTree ├── randomatic@1.1.6
75 silly idealTree ├── randombytes@2.0.3
75 silly idealTree ├── range-parser@1.2.0
75 silly idealTree ├── react-redux@5.0.3
75 silly idealTree ├── react@15.4.2
75 silly idealTree ├── read-pkg-up@1.0.1
75 silly idealTree ├── read-pkg@1.1.0
75 silly idealTree ├── readable-stream@2.2.6
75 silly idealTree ├── readdirp@2.1.0
75 silly idealTree ├── redux-thunk@2.2.0
75 silly idealTree ├── redux@3.6.0
75 silly idealTree ├── regenerate@1.3.2
75 silly idealTree ├── regenerator-runtime@0.10.3
75 silly idealTree ├── regenerator-transform@0.9.8
75 silly idealTree ├── regex-cache@0.4.3
75 silly idealTree ├── regexpu-core@2.0.0
75 silly idealTree ├── regjsgen@0.2.0
75 silly idealTree ├─┬ regjsparser@0.1.5
75 silly idealTree │ └── jsesc@0.5.0
75 silly idealTree ├── repeat-element@1.1.2
75 silly idealTree ├── repeat-string@1.6.1
75 silly idealTree ├── repeating@2.0.1
75 silly idealTree ├── require-directory@2.1.1
75 silly idealTree ├── require-main-filename@1.0.1
75 silly idealTree ├── requires-port@1.0.0
75 silly idealTree ├── right-align@0.1.3
75 silly idealTree ├── ripemd160@1.0.1
75 silly idealTree ├─┬ save@2.3.0
75 silly idealTree │ └── async@1.5.2
75 silly idealTree ├── select-hose@2.0.0
75 silly idealTree ├── semver@5.3.0
75 silly idealTree ├─┬ send@0.15.1
75 silly idealTree │ ├── debug@2.6.1
75 silly idealTree │ └── ms@0.7.2
75 silly idealTree ├─┬ serve-index@1.8.0
75 silly idealTree │ ├── http-errors@1.5.1
75 silly idealTree │ └── setprototypeof@1.0.2
75 silly idealTree ├── serve-static@1.12.1
75 silly idealTree ├── set-blocking@2.0.0
75 silly idealTree ├── set-immediate-shim@1.0.1
75 silly idealTree ├── setimmediate@1.0.5
75 silly idealTree ├── setprototypeof@1.0.3
75 silly idealTree ├── sha.js@2.4.8
75 silly idealTree ├── shelljs@0.3.0
75 silly idealTree ├── slash@1.0.0
75 silly idealTree ├─┬ sockjs-client@1.1.2
75 silly idealTree │ └── faye-websocket@0.11.1
75 silly idealTree ├── sockjs@0.3.18
75 silly idealTree ├── source-list-map@0.1.8
75 silly idealTree ├── source-map-support@0.4.14
75 silly idealTree ├── source-map@0.5.6
75 silly idealTree ├── spdx-correct@1.0.2
75 silly idealTree ├── spdx-expression-parse@1.0.4
75 silly idealTree ├── spdx-license-ids@1.2.2
75 silly idealTree ├── spdy-transport@2.0.18
75 silly idealTree ├── spdy@3.4.4
75 silly idealTree ├── split@0.3.3
75 silly idealTree ├── statuses@1.3.1
75 silly idealTree ├── stream-browserify@2.0.1
75 silly idealTree ├── stream-combiner@0.0.4
75 silly idealTree ├── stream-http@2.6.3
75 silly idealTree ├── string_decoder@0.10.31
75 silly idealTree ├── string-width@1.0.2
75 silly idealTree ├── strip-ansi@3.0.1
75 silly idealTree ├── strip-bom@2.0.0
75 silly idealTree ├── strip-json-comments@1.0.4
75 silly idealTree ├── supports-color@3.2.3
75 silly idealTree ├── symbol-observable@1.0.4
75 silly idealTree ├── tapable@0.2.6
75 silly idealTree ├── through@2.3.8
75 silly idealTree ├── timers-browserify@2.0.2
75 silly idealTree ├── to-arraybuffer@1.0.1
75 silly idealTree ├── to-fast-properties@1.0.2
75 silly idealTree ├── trim-right@1.0.1
75 silly idealTree ├── tty-browserify@0.0.0
75 silly idealTree ├── type-is@1.6.14
75 silly idealTree ├── ua-parser-js@0.7.12
75 silly idealTree ├─┬ uglify-js@2.8.13
75 silly idealTree │ └── yargs@3.10.0
75 silly idealTree ├── uglify-to-browserify@1.0.2
75 silly idealTree ├── underscore@1.8.3
75 silly idealTree ├── unpipe@1.0.0
75 silly idealTree ├── url-parse@1.1.8
75 silly idealTree ├─┬ url@0.11.0
75 silly idealTree │ └── punycode@1.3.2
75 silly idealTree ├── user-home@1.1.1
75 silly idealTree ├── util-deprecate@1.0.2
75 silly idealTree ├─┬ util@0.10.3
75 silly idealTree │ └── inherits@2.0.1
75 silly idealTree ├── utils-merge@1.0.0
75 silly idealTree ├── uuid@2.0.3
75 silly idealTree ├── v8flags@2.0.11
75 silly idealTree ├── validate-npm-package-license@3.0.1
75 silly idealTree ├── vary@1.1.0
75 silly idealTree ├── vm-browserify@0.0.4
75 silly idealTree ├── watchpack@1.3.1
75 silly idealTree ├── wbuf@1.7.2
75 silly idealTree ├── webpack-dev-middleware@1.10.1
75 silly idealTree ├── webpack-dev-server@2.4.2
75 silly idealTree ├── webpack-sources@0.1.5
75 silly idealTree ├── webpack@2.2.1
75 silly idealTree ├── websocket-driver@0.6.5
75 silly idealTree ├── websocket-extensions@0.1.1
75 silly idealTree ├── whatwg-fetch@2.0.3
75 silly idealTree ├── which-module@1.0.0
75 silly idealTree ├── window-size@0.1.0
75 silly idealTree ├── wordwrap@0.0.2
75 silly idealTree ├── wrap-ansi@2.1.0
75 silly idealTree ├── wrappy@1.0.2
75 silly idealTree ├── xtend@4.0.1
75 silly idealTree ├── y18n@3.2.1
75 silly idealTree ├─┬ yargs-parser@4.2.1
75 silly idealTree │ └── camelcase@3.0.0
75 silly idealTree └─┬ yargs@6.6.0
75 silly idealTree   ├── camelcase@3.0.0
75 silly idealTree   └── cliui@3.2.0
76 silly generateActionsToTake Starting
77 silly install generateActionsToTake
78 warn checkPermissions Missing write access to /Users/nbpeth/Documents/projects/home-budget/node_modules
79 silly rollbackFailedOptional Starting
80 silly rollbackFailedOptional Finishing
81 silly runTopLevelLifecycles Finishing
82 silly install printInstalled
83 warn home-budget@1.0.0 No description
84 verbose If you need help, you may report this error at:
84 verbose     <https://github.com/npm/npm/issues>
85 verbose stack Error: EACCES: permission denied, access '/Users/nbpeth/Documents/projects/home-budget/node_modules'
86 verbose cwd /Users/nbpeth/Documents/projects/home-budget
87 error Darwin 16.4.0
88 error argv "/usr/local/bin/node" "/usr/local/bin/npm" "install" "--save" "redux-thunk"
89 error node v7.7.0
90 error npm  v4.1.2
91 error path /Users/nbpeth/Documents/projects/home-budget/node_modules
92 error code EACCES
93 error errno -13
94 error syscall access
95 error Error: EACCES: permission denied, access '/Users/nbpeth/Documents/projects/home-budget/node_modules'
95 error  { Error: EACCES: permission denied, access '/Users/nbpeth/Documents/projects/home-budget/node_modules'
95 error   errno: -13,
95 error   code: 'EACCES',
95 error   syscall: 'access',
95 error   path: '/Users/nbpeth/Documents/projects/home-budget/node_modules' }
96 error Please try running this command again as root/Administrator.
97 verbose exit [ -13, true ]
